This file contains any messages produced by compilers while
running configure, to aid debugging if configure makes a mistake.

It was created by twemcache configure 2.5.3, which was
generated by GNU Autoconf 2.68.  Invocation command line was

  $ ./configure 

## --------- ##
## Platform. ##
## --------- ##

hostname = sanjose
uname -m = x86_64
uname -r = 3.2.0-29-generic
uname -s = Linux
uname -v = #46-Ubuntu SMP Fri Jul 27 17:03:23 UTC 2012

/usr/bin/uname -p = unknown
/bin/uname -X     = unknown

/bin/arch              = unknown
/usr/bin/arch -k       = unknown
/usr/convex/getsysinfo = unknown
/usr/bin/hostinfo      = unknown
/bin/machine           = unknown
/usr/bin/oslevel       = unknown
/bin/universe          = unknown

PATH: /usr/lib/lightdm/lightdm
PATH: /usr/local/sbin
PATH: /usr/local/bin
PATH: /usr/sbin
PATH: /usr/bin
PATH: /sbin
PATH: /bin
PATH: /usr/games


## ----------- ##
## Core tests. ##
## ----------- ##

configure:2375: checking build system type
configure:2389: result: x86_64-unknown-linux-gnu
configure:2409: checking host system type
configure:2422: result: x86_64-unknown-linux-gnu
configure:2442: checking target system type
configure:2455: result: x86_64-unknown-linux-gnu
configure:2500: checking for a BSD-compatible install
configure:2568: result: /usr/bin/install -c
configure:2579: checking whether build environment is sane
configure:2629: result: yes
configure:2770: checking for a thread-safe mkdir -p
configure:2809: result: /bin/mkdir -p
configure:2822: checking for gawk
configure:2852: result: no
configure:2822: checking for mawk
configure:2838: found /usr/bin/mawk
configure:2849: result: mawk
configure:2860: checking whether make sets $(MAKE)
configure:2882: result: yes
configure:2973: checking whether make supports nested variables
configure:2990: result: yes
configure:3073: checking for gcc
configure:3089: found /usr/bin/gcc
configure:3100: result: gcc
configure:3329: checking for C compiler version
configure:3338: gcc --version >&5
gcc (Ubuntu/Linaro 4.6.3-1ubuntu5) 4.6.3
Copyright (C) 2011 Free Software Foundation, Inc.
This is free software; see the source for copying conditions.  There is NO
warranty; not even for MERCHANTABILITY or FITNESS FOR A PARTICULAR PURPOSE.

configure:3349: $? = 0
configure:3338: gcc -v >&5
Using built-in specs.
COLLECT_GCC=gcc
COLLECT_LTO_WRAPPER=/usr/lib/gcc/x86_64-linux-gnu/4.6/lto-wrapper
Target: x86_64-linux-gnu
Configured with: ../src/configure -v --with-pkgversion='Ubuntu/Linaro 4.6.3-1ubuntu5' --with-bugurl=file:///usr/share/doc/gcc-4.6/README.Bugs --enable-languages=c,c++,fortran,objc,obj-c++ --prefix=/usr --program-suffix=-4.6 --enable-shared --enable-linker-build-id --with-system-zlib --libexecdir=/usr/lib --without-included-gettext --enable-threads=posix --with-gxx-include-dir=/usr/include/c++/4.6 --libdir=/usr/lib --enable-nls --with-sysroot=/ --enable-clocale=gnu --enable-libstdcxx-debug --enable-libstdcxx-time=yes --enable-gnu-unique-object --enable-plugin --enable-objc-gc --disable-werror --with-arch-32=i686 --with-tune=generic --enable-checking=release --build=x86_64-linux-gnu --host=x86_64-linux-gnu --target=x86_64-linux-gnu
Thread model: posix
gcc version 4.6.3 (Ubuntu/Linaro 4.6.3-1ubuntu5) 
configure:3349: $? = 0
configure:3338: gcc -V >&5
gcc: error: unrecognized option '-V'
gcc: fatal error: no input files
compilation terminated.
configure:3349: $? = 4
configure:3338: gcc -qversion >&5
gcc: error: unrecognized option '-qversion'
gcc: fatal error: no input files
compilation terminated.
configure:3349: $? = 4
configure:3369: checking whether the C compiler works
configure:3391: gcc    conftest.c  >&5
configure:3395: $? = 0
configure:3443: result: yes
configure:3446: checking for C compiler default output file name
configure:3448: result: a.out
configure:3454: checking for suffix of executables
configure:3461: gcc -o conftest    conftest.c  >&5
configure:3465: $? = 0
configure:3487: result: 
configure:3509: checking whether we are cross compiling
configure:3517: gcc -o conftest    conftest.c  >&5
configure:3521: $? = 0
configure:3528: ./conftest
configure:3532: $? = 0
configure:3547: result: no
configure:3552: checking for suffix of object files
configure:3574: gcc -c   conftest.c >&5
configure:3578: $? = 0
configure:3599: result: o
configure:3603: checking whether we are using the GNU C compiler
configure:3622: gcc -c   conftest.c >&5
configure:3622: $? = 0
configure:3631: result: yes
configure:3640: checking whether gcc accepts -g
configure:3660: gcc -c -g  conftest.c >&5
configure:3660: $? = 0
configure:3701: result: yes
configure:3718: checking for gcc option to accept ISO C89
configure:3782: gcc  -c -g -O2  conftest.c >&5
configure:3782: $? = 0
configure:3795: result: none needed
configure:3826: checking for style of include used by make
configure:3854: result: GNU
configure:3880: checking dependency style of gcc
configure:3991: result: gcc3
configure:4007: checking whether make sets $(MAKE)
configure:4029: result: yes
configure:4039: checking whether gcc and cc understand -c and -o together
configure:4070: gcc -c conftest.c -o conftest2.o >&5
configure:4074: $? = 0
configure:4080: gcc -c conftest.c -o conftest2.o >&5
configure:4084: $? = 0
configure:4095: cc -c conftest.c >&5
configure:4099: $? = 0
configure:4107: cc -c conftest.c -o conftest2.o >&5
configure:4111: $? = 0
configure:4117: cc -c conftest.c -o conftest2.o >&5
configure:4121: $? = 0
configure:4139: result: yes
configure:4167: checking for inline
configure:4183: gcc -c -g -O2  conftest.c >&5
configure:4183: $? = 0
configure:4191: result: inline
configure:4209: checking for an ANSI C-conforming const
configure:4274: gcc -c -g -O2  conftest.c >&5
configure:4274: $? = 0
configure:4281: result: yes
configure:4294: checking how to run the C preprocessor
configure:4325: gcc -E  conftest.c
configure:4325: $? = 0
configure:4339: gcc -E  conftest.c
conftest.c:15:28: fatal error: ac_nonexistent.h: No such file or directory
compilation terminated.
configure:4339: $? = 1
configure: failed program was:
| /* confdefs.h */
| #define PACKAGE_NAME "twemcache"
| #define PACKAGE_TARNAME "twemcache"
| #define PACKAGE_VERSION "2.5.3"
| #define PACKAGE_STRING "twemcache 2.5.3"
| #define PACKAGE_BUGREPORT "cache-team@twitter.com"
| #define PACKAGE_URL ""
| #define PACKAGE "twemcache"
| #define VERSION "2.5.3"
| #define MC_VERSION_MAJOR 2
| #define MC_VERSION_MINOR 5
| #define MC_VERSION_PATCH 3
| #define MC_VERSION_STRING "2.5.3"
| /* end confdefs.h.  */
| #include <ac_nonexistent.h>
configure:4364: result: gcc -E
configure:4384: gcc -E  conftest.c
configure:4384: $? = 0
configure:4398: gcc -E  conftest.c
conftest.c:15:28: fatal error: ac_nonexistent.h: No such file or directory
compilation terminated.
configure:4398: $? = 1
configure: failed program was:
| /* confdefs.h */
| #define PACKAGE_NAME "twemcache"
| #define PACKAGE_TARNAME "twemcache"
| #define PACKAGE_VERSION "2.5.3"
| #define PACKAGE_STRING "twemcache 2.5.3"
| #define PACKAGE_BUGREPORT "cache-team@twitter.com"
| #define PACKAGE_URL ""
| #define PACKAGE "twemcache"
| #define VERSION "2.5.3"
| #define MC_VERSION_MAJOR 2
| #define MC_VERSION_MINOR 5
| #define MC_VERSION_PATCH 3
| #define MC_VERSION_STRING "2.5.3"
| /* end confdefs.h.  */
| #include <ac_nonexistent.h>
configure:4427: checking for grep that handles long lines and -e
configure:4485: result: /bin/grep
configure:4490: checking for egrep
configure:4552: result: /bin/grep -E
configure:4557: checking for ANSI C header files
configure:4577: gcc -c -g -O2  conftest.c >&5
configure:4577: $? = 0
configure:4650: gcc -o conftest -g -O2   conftest.c  >&5
configure:4650: $? = 0
configure:4650: ./conftest
configure:4650: $? = 0
configure:4661: result: yes
configure:4674: checking for sys/types.h
configure:4674: gcc -c -g -O2  conftest.c >&5
configure:4674: $? = 0
configure:4674: result: yes
configure:4674: checking for sys/stat.h
configure:4674: gcc -c -g -O2  conftest.c >&5
configure:4674: $? = 0
configure:4674: result: yes
configure:4674: checking for stdlib.h
configure:4674: gcc -c -g -O2  conftest.c >&5
configure:4674: $? = 0
configure:4674: result: yes
configure:4674: checking for string.h
configure:4674: gcc -c -g -O2  conftest.c >&5
configure:4674: $? = 0
configure:4674: result: yes
configure:4674: checking for memory.h
configure:4674: gcc -c -g -O2  conftest.c >&5
configure:4674: $? = 0
configure:4674: result: yes
configure:4674: checking for strings.h
configure:4674: gcc -c -g -O2  conftest.c >&5
configure:4674: $? = 0
configure:4674: result: yes
configure:4674: checking for inttypes.h
configure:4674: gcc -c -g -O2  conftest.c >&5
configure:4674: $? = 0
configure:4674: result: yes
configure:4674: checking for stdint.h
configure:4674: gcc -c -g -O2  conftest.c >&5
configure:4674: $? = 0
configure:4674: result: yes
configure:4674: checking for unistd.h
configure:4674: gcc -c -g -O2  conftest.c >&5
configure:4674: $? = 0
configure:4674: result: yes
configure:4686: checking for int8_t
configure:4686: gcc -c -g -O2  conftest.c >&5
configure:4686: $? = 0
configure:4686: gcc -c -g -O2  conftest.c >&5
conftest.c: In function 'main':
conftest.c:62:12: error: size of array 'test_array' is negative
configure:4686: $? = 1
configure: failed program was:
| /* confdefs.h */
| #define PACKAGE_NAME "twemcache"
| #define PACKAGE_TARNAME "twemcache"
| #define PACKAGE_VERSION "2.5.3"
| #define PACKAGE_STRING "twemcache 2.5.3"
| #define PACKAGE_BUGREPORT "cache-team@twitter.com"
| #define PACKAGE_URL ""
| #define PACKAGE "twemcache"
| #define VERSION "2.5.3"
| #define MC_VERSION_MAJOR 2
| #define MC_VERSION_MINOR 5
| #define MC_VERSION_PATCH 3
| #define MC_VERSION_STRING "2.5.3"
| #define STDC_HEADERS 1
| #define HAVE_SYS_TYPES_H 1
| #define HAVE_SYS_STAT_H 1
| #define HAVE_STDLIB_H 1
| #define HAVE_STRING_H 1
| #define HAVE_MEMORY_H 1
| #define HAVE_STRINGS_H 1
| #define HAVE_INTTYPES_H 1
| #define HAVE_STDINT_H 1
| #define HAVE_UNISTD_H 1
| /* end confdefs.h.  */
| #include <stdio.h>
| #ifdef HAVE_SYS_TYPES_H
| # include <sys/types.h>
| #endif
| #ifdef HAVE_SYS_STAT_H
| # include <sys/stat.h>
| #endif
| #ifdef STDC_HEADERS
| # include <stdlib.h>
| # include <stddef.h>
| #else
| # ifdef HAVE_STDLIB_H
| #  include <stdlib.h>
| # endif
| #endif
| #ifdef HAVE_STRING_H
| # if !defined STDC_HEADERS && defined HAVE_MEMORY_H
| #  include <memory.h>
| # endif
| # include <string.h>
| #endif
| #ifdef HAVE_STRINGS_H
| # include <strings.h>
| #endif
| #ifdef HAVE_INTTYPES_H
| # include <inttypes.h>
| #endif
| #ifdef HAVE_STDINT_H
| # include <stdint.h>
| #endif
| #ifdef HAVE_UNISTD_H
| # include <unistd.h>
| #endif
| 	        enum { N = 8 / 2 - 1 };
| int
| main ()
| {
| static int test_array [1 - 2 * !((int8_t) (((((int8_t) 1 << N) << N) - 1) * 2 + 1)
| 		 < (int8_t) (((((int8_t) 1 << N) << N) - 1) * 2 + 2))];
| test_array [0] = 0
| 
|   ;
|   return 0;
| }
configure:4686: result: yes
configure:4697: checking for int16_t
configure:4697: gcc -c -g -O2  conftest.c >&5
configure:4697: $? = 0
configure:4697: gcc -c -g -O2  conftest.c >&5
conftest.c: In function 'main':
conftest.c:62:12: error: size of array 'test_array' is negative
configure:4697: $? = 1
configure: failed program was:
| /* confdefs.h */
| #define PACKAGE_NAME "twemcache"
| #define PACKAGE_TARNAME "twemcache"
| #define PACKAGE_VERSION "2.5.3"
| #define PACKAGE_STRING "twemcache 2.5.3"
| #define PACKAGE_BUGREPORT "cache-team@twitter.com"
| #define PACKAGE_URL ""
| #define PACKAGE "twemcache"
| #define VERSION "2.5.3"
| #define MC_VERSION_MAJOR 2
| #define MC_VERSION_MINOR 5
| #define MC_VERSION_PATCH 3
| #define MC_VERSION_STRING "2.5.3"
| #define STDC_HEADERS 1
| #define HAVE_SYS_TYPES_H 1
| #define HAVE_SYS_STAT_H 1
| #define HAVE_STDLIB_H 1
| #define HAVE_STRING_H 1
| #define HAVE_MEMORY_H 1
| #define HAVE_STRINGS_H 1
| #define HAVE_INTTYPES_H 1
| #define HAVE_STDINT_H 1
| #define HAVE_UNISTD_H 1
| /* end confdefs.h.  */
| #include <stdio.h>
| #ifdef HAVE_SYS_TYPES_H
| # include <sys/types.h>
| #endif
| #ifdef HAVE_SYS_STAT_H
| # include <sys/stat.h>
| #endif
| #ifdef STDC_HEADERS
| # include <stdlib.h>
| # include <stddef.h>
| #else
| # ifdef HAVE_STDLIB_H
| #  include <stdlib.h>
| # endif
| #endif
| #ifdef HAVE_STRING_H
| # if !defined STDC_HEADERS && defined HAVE_MEMORY_H
| #  include <memory.h>
| # endif
| # include <string.h>
| #endif
| #ifdef HAVE_STRINGS_H
| # include <strings.h>
| #endif
| #ifdef HAVE_INTTYPES_H
| # include <inttypes.h>
| #endif
| #ifdef HAVE_STDINT_H
| # include <stdint.h>
| #endif
| #ifdef HAVE_UNISTD_H
| # include <unistd.h>
| #endif
| 	        enum { N = 16 / 2 - 1 };
| int
| main ()
| {
| static int test_array [1 - 2 * !((int16_t) (((((int16_t) 1 << N) << N) - 1) * 2 + 1)
| 		 < (int16_t) (((((int16_t) 1 << N) << N) - 1) * 2 + 2))];
| test_array [0] = 0
| 
|   ;
|   return 0;
| }
configure:4697: result: yes
configure:4708: checking for int32_t
configure:4708: gcc -c -g -O2  conftest.c >&5
configure:4708: $? = 0
configure:4708: gcc -c -g -O2  conftest.c >&5
conftest.c: In function 'main':
conftest.c:63:53: warning: integer overflow in expression [-Woverflow]
conftest.c:62:12: error: size of array 'test_array' is negative
conftest.c:62:12: error: storage size of 'test_array' isn't constant
configure:4708: $? = 1
configure: failed program was:
| /* confdefs.h */
| #define PACKAGE_NAME "twemcache"
| #define PACKAGE_TARNAME "twemcache"
| #define PACKAGE_VERSION "2.5.3"
| #define PACKAGE_STRING "twemcache 2.5.3"
| #define PACKAGE_BUGREPORT "cache-team@twitter.com"
| #define PACKAGE_URL ""
| #define PACKAGE "twemcache"
| #define VERSION "2.5.3"
| #define MC_VERSION_MAJOR 2
| #define MC_VERSION_MINOR 5
| #define MC_VERSION_PATCH 3
| #define MC_VERSION_STRING "2.5.3"
| #define STDC_HEADERS 1
| #define HAVE_SYS_TYPES_H 1
| #define HAVE_SYS_STAT_H 1
| #define HAVE_STDLIB_H 1
| #define HAVE_STRING_H 1
| #define HAVE_MEMORY_H 1
| #define HAVE_STRINGS_H 1
| #define HAVE_INTTYPES_H 1
| #define HAVE_STDINT_H 1
| #define HAVE_UNISTD_H 1
| /* end confdefs.h.  */
| #include <stdio.h>
| #ifdef HAVE_SYS_TYPES_H
| # include <sys/types.h>
| #endif
| #ifdef HAVE_SYS_STAT_H
| # include <sys/stat.h>
| #endif
| #ifdef STDC_HEADERS
| # include <stdlib.h>
| # include <stddef.h>
| #else
| # ifdef HAVE_STDLIB_H
| #  include <stdlib.h>
| # endif
| #endif
| #ifdef HAVE_STRING_H
| # if !defined STDC_HEADERS && defined HAVE_MEMORY_H
| #  include <memory.h>
| # endif
| # include <string.h>
| #endif
| #ifdef HAVE_STRINGS_H
| # include <strings.h>
| #endif
| #ifdef HAVE_INTTYPES_H
| # include <inttypes.h>
| #endif
| #ifdef HAVE_STDINT_H
| # include <stdint.h>
| #endif
| #ifdef HAVE_UNISTD_H
| # include <unistd.h>
| #endif
| 	        enum { N = 32 / 2 - 1 };
| int
| main ()
| {
| static int test_array [1 - 2 * !((int32_t) (((((int32_t) 1 << N) << N) - 1) * 2 + 1)
| 		 < (int32_t) (((((int32_t) 1 << N) << N) - 1) * 2 + 2))];
| test_array [0] = 0
| 
|   ;
|   return 0;
| }
configure:4708: result: yes
configure:4719: checking for int64_t
configure:4719: gcc -c -g -O2  conftest.c >&5
configure:4719: $? = 0
configure:4719: gcc -c -g -O2  conftest.c >&5
conftest.c: In function 'main':
conftest.c:63:53: warning: integer overflow in expression [-Woverflow]
conftest.c:62:12: error: size of array 'test_array' is negative
conftest.c:62:12: error: storage size of 'test_array' isn't constant
configure:4719: $? = 1
configure: failed program was:
| /* confdefs.h */
| #define PACKAGE_NAME "twemcache"
| #define PACKAGE_TARNAME "twemcache"
| #define PACKAGE_VERSION "2.5.3"
| #define PACKAGE_STRING "twemcache 2.5.3"
| #define PACKAGE_BUGREPORT "cache-team@twitter.com"
| #define PACKAGE_URL ""
| #define PACKAGE "twemcache"
| #define VERSION "2.5.3"
| #define MC_VERSION_MAJOR 2
| #define MC_VERSION_MINOR 5
| #define MC_VERSION_PATCH 3
| #define MC_VERSION_STRING "2.5.3"
| #define STDC_HEADERS 1
| #define HAVE_SYS_TYPES_H 1
| #define HAVE_SYS_STAT_H 1
| #define HAVE_STDLIB_H 1
| #define HAVE_STRING_H 1
| #define HAVE_MEMORY_H 1
| #define HAVE_STRINGS_H 1
| #define HAVE_INTTYPES_H 1
| #define HAVE_STDINT_H 1
| #define HAVE_UNISTD_H 1
| /* end confdefs.h.  */
| #include <stdio.h>
| #ifdef HAVE_SYS_TYPES_H
| # include <sys/types.h>
| #endif
| #ifdef HAVE_SYS_STAT_H
| # include <sys/stat.h>
| #endif
| #ifdef STDC_HEADERS
| # include <stdlib.h>
| # include <stddef.h>
| #else
| # ifdef HAVE_STDLIB_H
| #  include <stdlib.h>
| # endif
| #endif
| #ifdef HAVE_STRING_H
| # if !defined STDC_HEADERS && defined HAVE_MEMORY_H
| #  include <memory.h>
| # endif
| # include <string.h>
| #endif
| #ifdef HAVE_STRINGS_H
| # include <strings.h>
| #endif
| #ifdef HAVE_INTTYPES_H
| # include <inttypes.h>
| #endif
| #ifdef HAVE_STDINT_H
| # include <stdint.h>
| #endif
| #ifdef HAVE_UNISTD_H
| # include <unistd.h>
| #endif
| 	        enum { N = 64 / 2 - 1 };
| int
| main ()
| {
| static int test_array [1 - 2 * !((int64_t) (((((int64_t) 1 << N) << N) - 1) * 2 + 1)
| 		 < (int64_t) (((((int64_t) 1 << N) << N) - 1) * 2 + 2))];
| test_array [0] = 0
| 
|   ;
|   return 0;
| }
configure:4719: result: yes
configure:4731: checking for long long int
configure:4768: gcc -o conftest -g -O2   conftest.c  >&5
configure:4768: $? = 0
configure:4798: gcc -o conftest -g -O2   conftest.c  >&5
configure:4798: $? = 0
configure:4798: ./conftest
configure:4798: $? = 0
configure:4813: result: yes
configure:4823: checking for intmax_t
configure:4823: gcc -c -g -O2  conftest.c >&5
configure:4823: $? = 0
configure:4823: gcc -c -g -O2  conftest.c >&5
conftest.c: In function 'main':
conftest.c:62:23: error: expected expression before ')' token
configure:4823: $? = 1
configure: failed program was:
| /* confdefs.h */
| #define PACKAGE_NAME "twemcache"
| #define PACKAGE_TARNAME "twemcache"
| #define PACKAGE_VERSION "2.5.3"
| #define PACKAGE_STRING "twemcache 2.5.3"
| #define PACKAGE_BUGREPORT "cache-team@twitter.com"
| #define PACKAGE_URL ""
| #define PACKAGE "twemcache"
| #define VERSION "2.5.3"
| #define MC_VERSION_MAJOR 2
| #define MC_VERSION_MINOR 5
| #define MC_VERSION_PATCH 3
| #define MC_VERSION_STRING "2.5.3"
| #define STDC_HEADERS 1
| #define HAVE_SYS_TYPES_H 1
| #define HAVE_SYS_STAT_H 1
| #define HAVE_STDLIB_H 1
| #define HAVE_STRING_H 1
| #define HAVE_MEMORY_H 1
| #define HAVE_STRINGS_H 1
| #define HAVE_INTTYPES_H 1
| #define HAVE_STDINT_H 1
| #define HAVE_UNISTD_H 1
| #define HAVE_LONG_LONG_INT 1
| /* end confdefs.h.  */
| #include <stdio.h>
| #ifdef HAVE_SYS_TYPES_H
| # include <sys/types.h>
| #endif
| #ifdef HAVE_SYS_STAT_H
| # include <sys/stat.h>
| #endif
| #ifdef STDC_HEADERS
| # include <stdlib.h>
| # include <stddef.h>
| #else
| # ifdef HAVE_STDLIB_H
| #  include <stdlib.h>
| # endif
| #endif
| #ifdef HAVE_STRING_H
| # if !defined STDC_HEADERS && defined HAVE_MEMORY_H
| #  include <memory.h>
| # endif
| # include <string.h>
| #endif
| #ifdef HAVE_STRINGS_H
| # include <strings.h>
| #endif
| #ifdef HAVE_INTTYPES_H
| # include <inttypes.h>
| #endif
| #ifdef HAVE_STDINT_H
| # include <stdint.h>
| #endif
| #ifdef HAVE_UNISTD_H
| # include <unistd.h>
| #endif
| int
| main ()
| {
| if (sizeof ((intmax_t)))
| 	    return 0;
|   ;
|   return 0;
| }
configure:4823: result: yes
configure:4841: checking for intptr_t
configure:4841: gcc -c -g -O2  conftest.c >&5
configure:4841: $? = 0
configure:4841: gcc -c -g -O2  conftest.c >&5
conftest.c: In function 'main':
conftest.c:63:23: error: expected expression before ')' token
configure:4841: $? = 1
configure: failed program was:
| /* confdefs.h */
| #define PACKAGE_NAME "twemcache"
| #define PACKAGE_TARNAME "twemcache"
| #define PACKAGE_VERSION "2.5.3"
| #define PACKAGE_STRING "twemcache 2.5.3"
| #define PACKAGE_BUGREPORT "cache-team@twitter.com"
| #define PACKAGE_URL ""
| #define PACKAGE "twemcache"
| #define VERSION "2.5.3"
| #define MC_VERSION_MAJOR 2
| #define MC_VERSION_MINOR 5
| #define MC_VERSION_PATCH 3
| #define MC_VERSION_STRING "2.5.3"
| #define STDC_HEADERS 1
| #define HAVE_SYS_TYPES_H 1
| #define HAVE_SYS_STAT_H 1
| #define HAVE_STDLIB_H 1
| #define HAVE_STRING_H 1
| #define HAVE_MEMORY_H 1
| #define HAVE_STRINGS_H 1
| #define HAVE_INTTYPES_H 1
| #define HAVE_STDINT_H 1
| #define HAVE_UNISTD_H 1
| #define HAVE_LONG_LONG_INT 1
| #define HAVE_INTMAX_T 1
| /* end confdefs.h.  */
| #include <stdio.h>
| #ifdef HAVE_SYS_TYPES_H
| # include <sys/types.h>
| #endif
| #ifdef HAVE_SYS_STAT_H
| # include <sys/stat.h>
| #endif
| #ifdef STDC_HEADERS
| # include <stdlib.h>
| # include <stddef.h>
| #else
| # ifdef HAVE_STDLIB_H
| #  include <stdlib.h>
| # endif
| #endif
| #ifdef HAVE_STRING_H
| # if !defined STDC_HEADERS && defined HAVE_MEMORY_H
| #  include <memory.h>
| # endif
| # include <string.h>
| #endif
| #ifdef HAVE_STRINGS_H
| # include <strings.h>
| #endif
| #ifdef HAVE_INTTYPES_H
| # include <inttypes.h>
| #endif
| #ifdef HAVE_STDINT_H
| # include <stdint.h>
| #endif
| #ifdef HAVE_UNISTD_H
| # include <unistd.h>
| #endif
| int
| main ()
| {
| if (sizeof ((intptr_t)))
| 	    return 0;
|   ;
|   return 0;
| }
configure:4841: result: yes
configure:4875: checking for uint8_t
configure:4875: gcc -c -g -O2  conftest.c >&5
configure:4875: $? = 0
configure:4875: result: yes
configure:4889: checking for uint16_t
configure:4889: gcc -c -g -O2  conftest.c >&5
configure:4889: $? = 0
configure:4889: result: yes
configure:4901: checking for uint32_t
configure:4901: gcc -c -g -O2  conftest.c >&5
configure:4901: $? = 0
configure:4901: result: yes
configure:4915: checking for uint64_t
configure:4915: gcc -c -g -O2  conftest.c >&5
configure:4915: $? = 0
configure:4915: result: yes
configure:4930: checking for unsigned long long int
configure:4967: gcc -o conftest -g -O2   conftest.c  >&5
configure:4967: $? = 0
configure:4975: result: yes
configure:4985: checking for uintmax_t
configure:4985: gcc -c -g -O2  conftest.c >&5
configure:4985: $? = 0
configure:4985: gcc -c -g -O2  conftest.c >&5
conftest.c: In function 'main':
conftest.c:65:24: error: expected expression before ')' token
configure:4985: $? = 1
configure: failed program was:
| /* confdefs.h */
| #define PACKAGE_NAME "twemcache"
| #define PACKAGE_TARNAME "twemcache"
| #define PACKAGE_VERSION "2.5.3"
| #define PACKAGE_STRING "twemcache 2.5.3"
| #define PACKAGE_BUGREPORT "cache-team@twitter.com"
| #define PACKAGE_URL ""
| #define PACKAGE "twemcache"
| #define VERSION "2.5.3"
| #define MC_VERSION_MAJOR 2
| #define MC_VERSION_MINOR 5
| #define MC_VERSION_PATCH 3
| #define MC_VERSION_STRING "2.5.3"
| #define STDC_HEADERS 1
| #define HAVE_SYS_TYPES_H 1
| #define HAVE_SYS_STAT_H 1
| #define HAVE_STDLIB_H 1
| #define HAVE_STRING_H 1
| #define HAVE_MEMORY_H 1
| #define HAVE_STRINGS_H 1
| #define HAVE_INTTYPES_H 1
| #define HAVE_STDINT_H 1
| #define HAVE_UNISTD_H 1
| #define HAVE_LONG_LONG_INT 1
| #define HAVE_INTMAX_T 1
| #define HAVE_INTPTR_T 1
| #define HAVE_UNSIGNED_LONG_LONG_INT 1
| /* end confdefs.h.  */
| #include <stdio.h>
| #ifdef HAVE_SYS_TYPES_H
| # include <sys/types.h>
| #endif
| #ifdef HAVE_SYS_STAT_H
| # include <sys/stat.h>
| #endif
| #ifdef STDC_HEADERS
| # include <stdlib.h>
| # include <stddef.h>
| #else
| # ifdef HAVE_STDLIB_H
| #  include <stdlib.h>
| # endif
| #endif
| #ifdef HAVE_STRING_H
| # if !defined STDC_HEADERS && defined HAVE_MEMORY_H
| #  include <memory.h>
| # endif
| # include <string.h>
| #endif
| #ifdef HAVE_STRINGS_H
| # include <strings.h>
| #endif
| #ifdef HAVE_INTTYPES_H
| # include <inttypes.h>
| #endif
| #ifdef HAVE_STDINT_H
| # include <stdint.h>
| #endif
| #ifdef HAVE_UNISTD_H
| # include <unistd.h>
| #endif
| int
| main ()
| {
| if (sizeof ((uintmax_t)))
| 	    return 0;
|   ;
|   return 0;
| }
configure:4985: result: yes
configure:5003: checking for uintptr_t
configure:5003: gcc -c -g -O2  conftest.c >&5
configure:5003: $? = 0
configure:5003: gcc -c -g -O2  conftest.c >&5
conftest.c: In function 'main':
conftest.c:66:24: error: expected expression before ')' token
configure:5003: $? = 1
configure: failed program was:
| /* confdefs.h */
| #define PACKAGE_NAME "twemcache"
| #define PACKAGE_TARNAME "twemcache"
| #define PACKAGE_VERSION "2.5.3"
| #define PACKAGE_STRING "twemcache 2.5.3"
| #define PACKAGE_BUGREPORT "cache-team@twitter.com"
| #define PACKAGE_URL ""
| #define PACKAGE "twemcache"
| #define VERSION "2.5.3"
| #define MC_VERSION_MAJOR 2
| #define MC_VERSION_MINOR 5
| #define MC_VERSION_PATCH 3
| #define MC_VERSION_STRING "2.5.3"
| #define STDC_HEADERS 1
| #define HAVE_SYS_TYPES_H 1
| #define HAVE_SYS_STAT_H 1
| #define HAVE_STDLIB_H 1
| #define HAVE_STRING_H 1
| #define HAVE_MEMORY_H 1
| #define HAVE_STRINGS_H 1
| #define HAVE_INTTYPES_H 1
| #define HAVE_STDINT_H 1
| #define HAVE_UNISTD_H 1
| #define HAVE_LONG_LONG_INT 1
| #define HAVE_INTMAX_T 1
| #define HAVE_INTPTR_T 1
| #define HAVE_UNSIGNED_LONG_LONG_INT 1
| #define HAVE_UINTMAX_T 1
| /* end confdefs.h.  */
| #include <stdio.h>
| #ifdef HAVE_SYS_TYPES_H
| # include <sys/types.h>
| #endif
| #ifdef HAVE_SYS_STAT_H
| # include <sys/stat.h>
| #endif
| #ifdef STDC_HEADERS
| # include <stdlib.h>
| # include <stddef.h>
| #else
| # ifdef HAVE_STDLIB_H
| #  include <stdlib.h>
| # endif
| #endif
| #ifdef HAVE_STRING_H
| # if !defined STDC_HEADERS && defined HAVE_MEMORY_H
| #  include <memory.h>
| # endif
| # include <string.h>
| #endif
| #ifdef HAVE_STRINGS_H
| # include <strings.h>
| #endif
| #ifdef HAVE_INTTYPES_H
| # include <inttypes.h>
| #endif
| #ifdef HAVE_STDINT_H
| # include <stdint.h>
| #endif
| #ifdef HAVE_UNISTD_H
| # include <unistd.h>
| #endif
| int
| main ()
| {
| if (sizeof ((uintptr_t)))
| 	    return 0;
|   ;
|   return 0;
| }
configure:5003: result: yes
configure:5038: checking for off_t
configure:5038: gcc -c -g -O2  conftest.c >&5
configure:5038: $? = 0
configure:5038: gcc -c -g -O2  conftest.c >&5
conftest.c: In function 'main':
conftest.c:67:20: error: expected expression before ')' token
configure:5038: $? = 1
configure: failed program was:
| /* confdefs.h */
| #define PACKAGE_NAME "twemcache"
| #define PACKAGE_TARNAME "twemcache"
| #define PACKAGE_VERSION "2.5.3"
| #define PACKAGE_STRING "twemcache 2.5.3"
| #define PACKAGE_BUGREPORT "cache-team@twitter.com"
| #define PACKAGE_URL ""
| #define PACKAGE "twemcache"
| #define VERSION "2.5.3"
| #define MC_VERSION_MAJOR 2
| #define MC_VERSION_MINOR 5
| #define MC_VERSION_PATCH 3
| #define MC_VERSION_STRING "2.5.3"
| #define STDC_HEADERS 1
| #define HAVE_SYS_TYPES_H 1
| #define HAVE_SYS_STAT_H 1
| #define HAVE_STDLIB_H 1
| #define HAVE_STRING_H 1
| #define HAVE_MEMORY_H 1
| #define HAVE_STRINGS_H 1
| #define HAVE_INTTYPES_H 1
| #define HAVE_STDINT_H 1
| #define HAVE_UNISTD_H 1
| #define HAVE_LONG_LONG_INT 1
| #define HAVE_INTMAX_T 1
| #define HAVE_INTPTR_T 1
| #define HAVE_UNSIGNED_LONG_LONG_INT 1
| #define HAVE_UINTMAX_T 1
| #define HAVE_UINTPTR_T 1
| /* end confdefs.h.  */
| #include <stdio.h>
| #ifdef HAVE_SYS_TYPES_H
| # include <sys/types.h>
| #endif
| #ifdef HAVE_SYS_STAT_H
| # include <sys/stat.h>
| #endif
| #ifdef STDC_HEADERS
| # include <stdlib.h>
| # include <stddef.h>
| #else
| # ifdef HAVE_STDLIB_H
| #  include <stdlib.h>
| # endif
| #endif
| #ifdef HAVE_STRING_H
| # if !defined STDC_HEADERS && defined HAVE_MEMORY_H
| #  include <memory.h>
| # endif
| # include <string.h>
| #endif
| #ifdef HAVE_STRINGS_H
| # include <strings.h>
| #endif
| #ifdef HAVE_INTTYPES_H
| # include <inttypes.h>
| #endif
| #ifdef HAVE_STDINT_H
| # include <stdint.h>
| #endif
| #ifdef HAVE_UNISTD_H
| # include <unistd.h>
| #endif
| int
| main ()
| {
| if (sizeof ((off_t)))
| 	    return 0;
|   ;
|   return 0;
| }
configure:5038: result: yes
configure:5049: checking for pid_t
configure:5049: gcc -c -g -O2  conftest.c >&5
configure:5049: $? = 0
configure:5049: gcc -c -g -O2  conftest.c >&5
conftest.c: In function 'main':
conftest.c:67:20: error: expected expression before ')' token
configure:5049: $? = 1
configure: failed program was:
| /* confdefs.h */
| #define PACKAGE_NAME "twemcache"
| #define PACKAGE_TARNAME "twemcache"
| #define PACKAGE_VERSION "2.5.3"
| #define PACKAGE_STRING "twemcache 2.5.3"
| #define PACKAGE_BUGREPORT "cache-team@twitter.com"
| #define PACKAGE_URL ""
| #define PACKAGE "twemcache"
| #define VERSION "2.5.3"
| #define MC_VERSION_MAJOR 2
| #define MC_VERSION_MINOR 5
| #define MC_VERSION_PATCH 3
| #define MC_VERSION_STRING "2.5.3"
| #define STDC_HEADERS 1
| #define HAVE_SYS_TYPES_H 1
| #define HAVE_SYS_STAT_H 1
| #define HAVE_STDLIB_H 1
| #define HAVE_STRING_H 1
| #define HAVE_MEMORY_H 1
| #define HAVE_STRINGS_H 1
| #define HAVE_INTTYPES_H 1
| #define HAVE_STDINT_H 1
| #define HAVE_UNISTD_H 1
| #define HAVE_LONG_LONG_INT 1
| #define HAVE_INTMAX_T 1
| #define HAVE_INTPTR_T 1
| #define HAVE_UNSIGNED_LONG_LONG_INT 1
| #define HAVE_UINTMAX_T 1
| #define HAVE_UINTPTR_T 1
| /* end confdefs.h.  */
| #include <stdio.h>
| #ifdef HAVE_SYS_TYPES_H
| # include <sys/types.h>
| #endif
| #ifdef HAVE_SYS_STAT_H
| # include <sys/stat.h>
| #endif
| #ifdef STDC_HEADERS
| # include <stdlib.h>
| # include <stddef.h>
| #else
| # ifdef HAVE_STDLIB_H
| #  include <stdlib.h>
| # endif
| #endif
| #ifdef HAVE_STRING_H
| # if !defined STDC_HEADERS && defined HAVE_MEMORY_H
| #  include <memory.h>
| # endif
| # include <string.h>
| #endif
| #ifdef HAVE_STRINGS_H
| # include <strings.h>
| #endif
| #ifdef HAVE_INTTYPES_H
| # include <inttypes.h>
| #endif
| #ifdef HAVE_STDINT_H
| # include <stdint.h>
| #endif
| #ifdef HAVE_UNISTD_H
| # include <unistd.h>
| #endif
| int
| main ()
| {
| if (sizeof ((pid_t)))
| 	    return 0;
|   ;
|   return 0;
| }
configure:5049: result: yes
configure:5060: checking for size_t
configure:5060: gcc -c -g -O2  conftest.c >&5
configure:5060: $? = 0
configure:5060: gcc -c -g -O2  conftest.c >&5
conftest.c: In function 'main':
conftest.c:67:21: error: expected expression before ')' token
configure:5060: $? = 1
configure: failed program was:
| /* confdefs.h */
| #define PACKAGE_NAME "twemcache"
| #define PACKAGE_TARNAME "twemcache"
| #define PACKAGE_VERSION "2.5.3"
| #define PACKAGE_STRING "twemcache 2.5.3"
| #define PACKAGE_BUGREPORT "cache-team@twitter.com"
| #define PACKAGE_URL ""
| #define PACKAGE "twemcache"
| #define VERSION "2.5.3"
| #define MC_VERSION_MAJOR 2
| #define MC_VERSION_MINOR 5
| #define MC_VERSION_PATCH 3
| #define MC_VERSION_STRING "2.5.3"
| #define STDC_HEADERS 1
| #define HAVE_SYS_TYPES_H 1
| #define HAVE_SYS_STAT_H 1
| #define HAVE_STDLIB_H 1
| #define HAVE_STRING_H 1
| #define HAVE_MEMORY_H 1
| #define HAVE_STRINGS_H 1
| #define HAVE_INTTYPES_H 1
| #define HAVE_STDINT_H 1
| #define HAVE_UNISTD_H 1
| #define HAVE_LONG_LONG_INT 1
| #define HAVE_INTMAX_T 1
| #define HAVE_INTPTR_T 1
| #define HAVE_UNSIGNED_LONG_LONG_INT 1
| #define HAVE_UINTMAX_T 1
| #define HAVE_UINTPTR_T 1
| /* end confdefs.h.  */
| #include <stdio.h>
| #ifdef HAVE_SYS_TYPES_H
| # include <sys/types.h>
| #endif
| #ifdef HAVE_SYS_STAT_H
| # include <sys/stat.h>
| #endif
| #ifdef STDC_HEADERS
| # include <stdlib.h>
| # include <stddef.h>
| #else
| # ifdef HAVE_STDLIB_H
| #  include <stdlib.h>
| # endif
| #endif
| #ifdef HAVE_STRING_H
| # if !defined STDC_HEADERS && defined HAVE_MEMORY_H
| #  include <memory.h>
| # endif
| # include <string.h>
| #endif
| #ifdef HAVE_STRINGS_H
| # include <strings.h>
| #endif
| #ifdef HAVE_INTTYPES_H
| # include <inttypes.h>
| #endif
| #ifdef HAVE_STDINT_H
| # include <stdint.h>
| #endif
| #ifdef HAVE_UNISTD_H
| # include <unistd.h>
| #endif
| int
| main ()
| {
| if (sizeof ((size_t)))
| 	    return 0;
|   ;
|   return 0;
| }
configure:5060: result: yes
configure:5071: checking for ssize_t
configure:5071: gcc -c -g -O2  conftest.c >&5
configure:5071: $? = 0
configure:5071: gcc -c -g -O2  conftest.c >&5
conftest.c: In function 'main':
conftest.c:67:22: error: expected expression before ')' token
configure:5071: $? = 1
configure: failed program was:
| /* confdefs.h */
| #define PACKAGE_NAME "twemcache"
| #define PACKAGE_TARNAME "twemcache"
| #define PACKAGE_VERSION "2.5.3"
| #define PACKAGE_STRING "twemcache 2.5.3"
| #define PACKAGE_BUGREPORT "cache-team@twitter.com"
| #define PACKAGE_URL ""
| #define PACKAGE "twemcache"
| #define VERSION "2.5.3"
| #define MC_VERSION_MAJOR 2
| #define MC_VERSION_MINOR 5
| #define MC_VERSION_PATCH 3
| #define MC_VERSION_STRING "2.5.3"
| #define STDC_HEADERS 1
| #define HAVE_SYS_TYPES_H 1
| #define HAVE_SYS_STAT_H 1
| #define HAVE_STDLIB_H 1
| #define HAVE_STRING_H 1
| #define HAVE_MEMORY_H 1
| #define HAVE_STRINGS_H 1
| #define HAVE_INTTYPES_H 1
| #define HAVE_STDINT_H 1
| #define HAVE_UNISTD_H 1
| #define HAVE_LONG_LONG_INT 1
| #define HAVE_INTMAX_T 1
| #define HAVE_INTPTR_T 1
| #define HAVE_UNSIGNED_LONG_LONG_INT 1
| #define HAVE_UINTMAX_T 1
| #define HAVE_UINTPTR_T 1
| /* end confdefs.h.  */
| #include <stdio.h>
| #ifdef HAVE_SYS_TYPES_H
| # include <sys/types.h>
| #endif
| #ifdef HAVE_SYS_STAT_H
| # include <sys/stat.h>
| #endif
| #ifdef STDC_HEADERS
| # include <stdlib.h>
| # include <stddef.h>
| #else
| # ifdef HAVE_STDLIB_H
| #  include <stdlib.h>
| # endif
| #endif
| #ifdef HAVE_STRING_H
| # if !defined STDC_HEADERS && defined HAVE_MEMORY_H
| #  include <memory.h>
| # endif
| # include <string.h>
| #endif
| #ifdef HAVE_STRINGS_H
| # include <strings.h>
| #endif
| #ifdef HAVE_INTTYPES_H
| # include <inttypes.h>
| #endif
| #ifdef HAVE_STDINT_H
| # include <stdint.h>
| #endif
| #ifdef HAVE_UNISTD_H
| # include <unistd.h>
| #endif
| int
| main ()
| {
| if (sizeof ((ssize_t)))
| 	    return 0;
|   ;
|   return 0;
| }
configure:5071: result: yes
configure:5082: checking for uid_t in sys/types.h
configure:5101: result: yes
configure:5114: checking for stdbool.h that conforms to C99
configure:5181: gcc -c -g -O2  conftest.c >&5
configure:5181: $? = 0
configure:5188: result: yes
configure:5190: checking for _Bool
configure:5190: gcc -c -g -O2  conftest.c >&5
configure:5190: $? = 0
configure:5190: gcc -c -g -O2  conftest.c >&5
conftest.c: In function 'main':
conftest.c:67:20: error: expected expression before ')' token
configure:5190: $? = 1
configure: failed program was:
| /* confdefs.h */
| #define PACKAGE_NAME "twemcache"
| #define PACKAGE_TARNAME "twemcache"
| #define PACKAGE_VERSION "2.5.3"
| #define PACKAGE_STRING "twemcache 2.5.3"
| #define PACKAGE_BUGREPORT "cache-team@twitter.com"
| #define PACKAGE_URL ""
| #define PACKAGE "twemcache"
| #define VERSION "2.5.3"
| #define MC_VERSION_MAJOR 2
| #define MC_VERSION_MINOR 5
| #define MC_VERSION_PATCH 3
| #define MC_VERSION_STRING "2.5.3"
| #define STDC_HEADERS 1
| #define HAVE_SYS_TYPES_H 1
| #define HAVE_SYS_STAT_H 1
| #define HAVE_STDLIB_H 1
| #define HAVE_STRING_H 1
| #define HAVE_MEMORY_H 1
| #define HAVE_STRINGS_H 1
| #define HAVE_INTTYPES_H 1
| #define HAVE_STDINT_H 1
| #define HAVE_UNISTD_H 1
| #define HAVE_LONG_LONG_INT 1
| #define HAVE_INTMAX_T 1
| #define HAVE_INTPTR_T 1
| #define HAVE_UNSIGNED_LONG_LONG_INT 1
| #define HAVE_UINTMAX_T 1
| #define HAVE_UINTPTR_T 1
| /* end confdefs.h.  */
| #include <stdio.h>
| #ifdef HAVE_SYS_TYPES_H
| # include <sys/types.h>
| #endif
| #ifdef HAVE_SYS_STAT_H
| # include <sys/stat.h>
| #endif
| #ifdef STDC_HEADERS
| # include <stdlib.h>
| # include <stddef.h>
| #else
| # ifdef HAVE_STDLIB_H
| #  include <stdlib.h>
| # endif
| #endif
| #ifdef HAVE_STRING_H
| # if !defined STDC_HEADERS && defined HAVE_MEMORY_H
| #  include <memory.h>
| # endif
| # include <string.h>
| #endif
| #ifdef HAVE_STRINGS_H
| # include <strings.h>
| #endif
| #ifdef HAVE_INTTYPES_H
| # include <inttypes.h>
| #endif
| #ifdef HAVE_STDINT_H
| # include <stdint.h>
| #endif
| #ifdef HAVE_UNISTD_H
| # include <unistd.h>
| #endif
| int
| main ()
| {
| if (sizeof ((_Bool)))
| 	    return 0;
|   ;
|   return 0;
| }
configure:5190: result: yes
configure:5209: checking fcntl.h usability
configure:5209: gcc -c -g -O2  conftest.c >&5
configure:5209: $? = 0
configure:5209: result: yes
configure:5209: checking fcntl.h presence
configure:5209: gcc -E  conftest.c
configure:5209: $? = 0
configure:5209: result: yes
configure:5209: checking for fcntl.h
configure:5209: result: yes
configure:5209: checking float.h usability
configure:5209: gcc -c -g -O2  conftest.c >&5
configure:5209: $? = 0
configure:5209: result: yes
configure:5209: checking float.h presence
configure:5209: gcc -E  conftest.c
configure:5209: $? = 0
configure:5209: result: yes
configure:5209: checking for float.h
configure:5209: result: yes
configure:5209: checking limits.h usability
configure:5209: gcc -c -g -O2  conftest.c >&5
configure:5209: $? = 0
configure:5209: result: yes
configure:5209: checking limits.h presence
configure:5209: gcc -E  conftest.c
configure:5209: $? = 0
configure:5209: result: yes
configure:5209: checking for limits.h
configure:5209: result: yes
configure:5209: checking stddef.h usability
configure:5209: gcc -c -g -O2  conftest.c >&5
configure:5209: $? = 0
configure:5209: result: yes
configure:5209: checking stddef.h presence
configure:5209: gcc -E  conftest.c
configure:5209: $? = 0
configure:5209: result: yes
configure:5209: checking for stddef.h
configure:5209: result: yes
configure:5209: checking for stdlib.h
configure:5209: result: yes
configure:5209: checking for string.h
configure:5209: result: yes
configure:5209: checking for unistd.h
configure:5209: result: yes
configure:5222: checking for inttypes.h
configure:5222: result: yes
configure:5222: checking for stdint.h
configure:5222: result: yes
configure:5235: checking sys/ioctl.h usability
configure:5235: gcc -c -g -O2  conftest.c >&5
configure:5235: $? = 0
configure:5235: result: yes
configure:5235: checking sys/ioctl.h presence
configure:5235: gcc -E  conftest.c
configure:5235: $? = 0
configure:5235: result: yes
configure:5235: checking for sys/ioctl.h
configure:5235: result: yes
configure:5235: checking sys/time.h usability
configure:5235: gcc -c -g -O2  conftest.c >&5
configure:5235: $? = 0
configure:5235: result: yes
configure:5235: checking sys/time.h presence
configure:5235: gcc -E  conftest.c
configure:5235: $? = 0
configure:5235: result: yes
configure:5235: checking for sys/time.h
configure:5235: result: yes
configure:5235: checking sys/uio.h usability
configure:5235: gcc -c -g -O2  conftest.c >&5
configure:5235: $? = 0
configure:5235: result: yes
configure:5235: checking sys/uio.h presence
configure:5235: gcc -E  conftest.c
configure:5235: $? = 0
configure:5235: result: yes
configure:5235: checking for sys/uio.h
configure:5235: result: yes
configure:5248: checking sys/socket.h usability
configure:5248: gcc -c -g -O2  conftest.c >&5
configure:5248: $? = 0
configure:5248: result: yes
configure:5248: checking sys/socket.h presence
configure:5248: gcc -E  conftest.c
configure:5248: $? = 0
configure:5248: result: yes
configure:5248: checking for sys/socket.h
configure:5248: result: yes
configure:5248: checking sys/un.h usability
configure:5248: gcc -c -g -O2  conftest.c >&5
configure:5248: $? = 0
configure:5248: result: yes
configure:5248: checking sys/un.h presence
configure:5248: gcc -E  conftest.c
configure:5248: $? = 0
configure:5248: result: yes
configure:5248: checking for sys/un.h
configure:5248: result: yes
configure:5248: checking netinet/in.h usability
configure:5248: gcc -c -g -O2  conftest.c >&5
configure:5248: $? = 0
configure:5248: result: yes
configure:5248: checking netinet/in.h presence
configure:5248: gcc -E  conftest.c
configure:5248: $? = 0
configure:5248: result: yes
configure:5248: checking for netinet/in.h
configure:5248: result: yes
configure:5248: checking arpa/inet.h usability
configure:5248: gcc -c -g -O2  conftest.c >&5
configure:5248: $? = 0
configure:5248: result: yes
configure:5248: checking arpa/inet.h presence
configure:5248: gcc -E  conftest.c
configure:5248: $? = 0
configure:5248: result: yes
configure:5248: checking for arpa/inet.h
configure:5248: result: yes
configure:5248: checking netdb.h usability
configure:5248: gcc -c -g -O2  conftest.c >&5
configure:5248: $? = 0
configure:5248: result: yes
configure:5248: checking netdb.h presence
configure:5248: gcc -E  conftest.c
configure:5248: $? = 0
configure:5248: result: yes
configure:5248: checking for netdb.h
configure:5248: result: yes
configure:5262: checking vfork.h usability
configure:5262: gcc -c -g -O2  conftest.c >&5
conftest.c:83:19: fatal error: vfork.h: No such file or directory
compilation terminated.
configure:5262: $? = 1
configure: failed program was:
| /* confdefs.h */
| #define PACKAGE_NAME "twemcache"
| #define PACKAGE_TARNAME "twemcache"
| #define PACKAGE_VERSION "2.5.3"
| #define PACKAGE_STRING "twemcache 2.5.3"
| #define PACKAGE_BUGREPORT "cache-team@twitter.com"
| #define PACKAGE_URL ""
| #define PACKAGE "twemcache"
| #define VERSION "2.5.3"
| #define MC_VERSION_MAJOR 2
| #define MC_VERSION_MINOR 5
| #define MC_VERSION_PATCH 3
| #define MC_VERSION_STRING "2.5.3"
| #define STDC_HEADERS 1
| #define HAVE_SYS_TYPES_H 1
| #define HAVE_SYS_STAT_H 1
| #define HAVE_STDLIB_H 1
| #define HAVE_STRING_H 1
| #define HAVE_MEMORY_H 1
| #define HAVE_STRINGS_H 1
| #define HAVE_INTTYPES_H 1
| #define HAVE_STDINT_H 1
| #define HAVE_UNISTD_H 1
| #define HAVE_LONG_LONG_INT 1
| #define HAVE_INTMAX_T 1
| #define HAVE_INTPTR_T 1
| #define HAVE_UNSIGNED_LONG_LONG_INT 1
| #define HAVE_UINTMAX_T 1
| #define HAVE_UINTPTR_T 1
| #define HAVE__BOOL 1
| #define HAVE_STDBOOL_H 1
| #define HAVE_FCNTL_H 1
| #define HAVE_FLOAT_H 1
| #define HAVE_LIMITS_H 1
| #define HAVE_STDDEF_H 1
| #define HAVE_STDLIB_H 1
| #define HAVE_STRING_H 1
| #define HAVE_UNISTD_H 1
| #define HAVE_INTTYPES_H 1
| #define HAVE_STDINT_H 1
| #define HAVE_SYS_IOCTL_H 1
| #define HAVE_SYS_TIME_H 1
| #define HAVE_SYS_UIO_H 1
| #define HAVE_SYS_SOCKET_H 1
| #define HAVE_SYS_UN_H 1
| #define HAVE_NETINET_IN_H 1
| #define HAVE_ARPA_INET_H 1
| #define HAVE_NETDB_H 1
| /* end confdefs.h.  */
| #include <stdio.h>
| #ifdef HAVE_SYS_TYPES_H
| # include <sys/types.h>
| #endif
| #ifdef HAVE_SYS_STAT_H
| # include <sys/stat.h>
| #endif
| #ifdef STDC_HEADERS
| # include <stdlib.h>
| # include <stddef.h>
| #else
| # ifdef HAVE_STDLIB_H
| #  include <stdlib.h>
| # endif
| #endif
| #ifdef HAVE_STRING_H
| # if !defined STDC_HEADERS && defined HAVE_MEMORY_H
| #  include <memory.h>
| # endif
| # include <string.h>
| #endif
| #ifdef HAVE_STRINGS_H
| # include <strings.h>
| #endif
| #ifdef HAVE_INTTYPES_H
| # include <inttypes.h>
| #endif
| #ifdef HAVE_STDINT_H
| # include <stdint.h>
| #endif
| #ifdef HAVE_UNISTD_H
| # include <unistd.h>
| #endif
| #include <vfork.h>
configure:5262: result: no
configure:5262: checking vfork.h presence
configure:5262: gcc -E  conftest.c
conftest.c:50:19: fatal error: vfork.h: No such file or directory
compilation terminated.
configure:5262: $? = 1
configure: failed program was:
| /* confdefs.h */
| #define PACKAGE_NAME "twemcache"
| #define PACKAGE_TARNAME "twemcache"
| #define PACKAGE_VERSION "2.5.3"
| #define PACKAGE_STRING "twemcache 2.5.3"
| #define PACKAGE_BUGREPORT "cache-team@twitter.com"
| #define PACKAGE_URL ""
| #define PACKAGE "twemcache"
| #define VERSION "2.5.3"
| #define MC_VERSION_MAJOR 2
| #define MC_VERSION_MINOR 5
| #define MC_VERSION_PATCH 3
| #define MC_VERSION_STRING "2.5.3"
| #define STDC_HEADERS 1
| #define HAVE_SYS_TYPES_H 1
| #define HAVE_SYS_STAT_H 1
| #define HAVE_STDLIB_H 1
| #define HAVE_STRING_H 1
| #define HAVE_MEMORY_H 1
| #define HAVE_STRINGS_H 1
| #define HAVE_INTTYPES_H 1
| #define HAVE_STDINT_H 1
| #define HAVE_UNISTD_H 1
| #define HAVE_LONG_LONG_INT 1
| #define HAVE_INTMAX_T 1
| #define HAVE_INTPTR_T 1
| #define HAVE_UNSIGNED_LONG_LONG_INT 1
| #define HAVE_UINTMAX_T 1
| #define HAVE_UINTPTR_T 1
| #define HAVE__BOOL 1
| #define HAVE_STDBOOL_H 1
| #define HAVE_FCNTL_H 1
| #define HAVE_FLOAT_H 1
| #define HAVE_LIMITS_H 1
| #define HAVE_STDDEF_H 1
| #define HAVE_STDLIB_H 1
| #define HAVE_STRING_H 1
| #define HAVE_UNISTD_H 1
| #define HAVE_INTTYPES_H 1
| #define HAVE_STDINT_H 1
| #define HAVE_SYS_IOCTL_H 1
| #define HAVE_SYS_TIME_H 1
| #define HAVE_SYS_UIO_H 1
| #define HAVE_SYS_SOCKET_H 1
| #define HAVE_SYS_UN_H 1
| #define HAVE_NETINET_IN_H 1
| #define HAVE_ARPA_INET_H 1
| #define HAVE_NETDB_H 1
| /* end confdefs.h.  */
| #include <vfork.h>
configure:5262: result: no
configure:5262: checking for vfork.h
configure:5262: result: no
configure:5275: checking for fork
configure:5275: gcc -o conftest -g -O2   conftest.c  >&5
conftest.c:73:6: warning: conflicting types for built-in function 'fork' [enabled by default]
configure:5275: $? = 0
configure:5275: result: yes
configure:5275: checking for vfork
configure:5275: gcc -o conftest -g -O2   conftest.c  >&5
configure:5275: $? = 0
configure:5275: result: yes
configure:5285: checking for working fork
configure:5307: gcc -o conftest -g -O2   conftest.c  >&5
configure:5307: $? = 0
configure:5307: ./conftest
configure:5307: $? = 0
configure:5317: result: yes
configure:5338: checking for working vfork
configure:5448: result: yes
configure:5475: checking for stdlib.h
configure:5475: result: yes
configure:5485: checking for GNU libc compatible malloc
configure:5509: gcc -o conftest -g -O2   conftest.c  >&5
configure:5509: $? = 0
configure:5509: ./conftest
configure:5509: $? = 0
configure:5519: result: yes
configure:5542: checking for stdlib.h
configure:5542: result: yes
configure:5552: checking for GNU libc compatible realloc
configure:5576: gcc -o conftest -g -O2   conftest.c  >&5
configure:5576: $? = 0
configure:5576: ./conftest
configure:5576: $? = 0
configure:5586: result: yes
configure:5609: checking for dup2
configure:5609: gcc -o conftest -g -O2   conftest.c  >&5
configure:5609: $? = 0
configure:5609: result: yes
configure:5620: checking for gethostname
configure:5620: gcc -o conftest -g -O2   conftest.c  >&5
configure:5620: $? = 0
configure:5620: result: yes
configure:5631: checking for gettimeofday
configure:5631: gcc -o conftest -g -O2   conftest.c  >&5
configure:5631: $? = 0
configure:5631: result: yes
configure:5642: checking for strerror
configure:5642: gcc -o conftest -g -O2   conftest.c  >&5
configure:5642: $? = 0
configure:5642: result: yes
configure:5653: checking for socket
configure:5653: gcc -o conftest -g -O2   conftest.c  >&5
configure:5653: $? = 0
configure:5653: result: yes
configure:5665: checking for memchr
configure:5665: gcc -o conftest -g -O2   conftest.c  >&5
conftest.c:86:6: warning: conflicting types for built-in function 'memchr' [enabled by default]
configure:5665: $? = 0
configure:5665: result: yes
configure:5665: checking for memmove
configure:5665: gcc -o conftest -g -O2   conftest.c  >&5
conftest.c:87:6: warning: conflicting types for built-in function 'memmove' [enabled by default]
configure:5665: $? = 0
configure:5665: result: yes
configure:5665: checking for memset
configure:5665: gcc -o conftest -g -O2   conftest.c  >&5
conftest.c:88:6: warning: conflicting types for built-in function 'memset' [enabled by default]
configure:5665: $? = 0
configure:5665: result: yes
configure:5677: checking for strchr
configure:5677: gcc -o conftest -g -O2   conftest.c  >&5
conftest.c:89:6: warning: conflicting types for built-in function 'strchr' [enabled by default]
configure:5677: $? = 0
configure:5677: result: yes
configure:5677: checking for strndup
configure:5677: gcc -o conftest -g -O2   conftest.c  >&5
conftest.c:90:6: warning: conflicting types for built-in function 'strndup' [enabled by default]
configure:5677: $? = 0
configure:5677: result: yes
configure:5677: checking for strtol
configure:5677: gcc -o conftest -g -O2   conftest.c  >&5
configure:5677: $? = 0
configure:5677: result: yes
configure:5677: checking for strtoul
configure:5677: gcc -o conftest -g -O2   conftest.c  >&5
configure:5677: $? = 0
configure:5677: result: yes
configure:5677: checking for strtoull
configure:5677: gcc -o conftest -g -O2   conftest.c  >&5
configure:5677: $? = 0
configure:5677: result: yes
configure:5688: checking for mlockall
configure:5688: gcc -o conftest -g -O2   conftest.c  >&5
configure:5688: $? = 0
configure:5688: result: yes
configure:5699: checking for getpagesizes
configure:5699: gcc -o conftest -g -O2   conftest.c  >&5
/tmp/ccbWlb9x.o: In function `main':
/home/dblab/memcached/twemcache/conftest.c:106: undefined reference to `getpagesizes'
collect2: ld returned 1 exit status
configure:5699: $? = 1
configure: failed program was:
| /* confdefs.h */
| #define PACKAGE_NAME "twemcache"
| #define PACKAGE_TARNAME "twemcache"
| #define PACKAGE_VERSION "2.5.3"
| #define PACKAGE_STRING "twemcache 2.5.3"
| #define PACKAGE_BUGREPORT "cache-team@twitter.com"
| #define PACKAGE_URL ""
| #define PACKAGE "twemcache"
| #define VERSION "2.5.3"
| #define MC_VERSION_MAJOR 2
| #define MC_VERSION_MINOR 5
| #define MC_VERSION_PATCH 3
| #define MC_VERSION_STRING "2.5.3"
| #define STDC_HEADERS 1
| #define HAVE_SYS_TYPES_H 1
| #define HAVE_SYS_STAT_H 1
| #define HAVE_STDLIB_H 1
| #define HAVE_STRING_H 1
| #define HAVE_MEMORY_H 1
| #define HAVE_STRINGS_H 1
| #define HAVE_INTTYPES_H 1
| #define HAVE_STDINT_H 1
| #define HAVE_UNISTD_H 1
| #define HAVE_LONG_LONG_INT 1
| #define HAVE_INTMAX_T 1
| #define HAVE_INTPTR_T 1
| #define HAVE_UNSIGNED_LONG_LONG_INT 1
| #define HAVE_UINTMAX_T 1
| #define HAVE_UINTPTR_T 1
| #define HAVE__BOOL 1
| #define HAVE_STDBOOL_H 1
| #define HAVE_FCNTL_H 1
| #define HAVE_FLOAT_H 1
| #define HAVE_LIMITS_H 1
| #define HAVE_STDDEF_H 1
| #define HAVE_STDLIB_H 1
| #define HAVE_STRING_H 1
| #define HAVE_UNISTD_H 1
| #define HAVE_INTTYPES_H 1
| #define HAVE_STDINT_H 1
| #define HAVE_SYS_IOCTL_H 1
| #define HAVE_SYS_TIME_H 1
| #define HAVE_SYS_UIO_H 1
| #define HAVE_SYS_SOCKET_H 1
| #define HAVE_SYS_UN_H 1
| #define HAVE_NETINET_IN_H 1
| #define HAVE_ARPA_INET_H 1
| #define HAVE_NETDB_H 1
| #define HAVE_FORK 1
| #define HAVE_VFORK 1
| #define HAVE_WORKING_VFORK 1
| #define HAVE_WORKING_FORK 1
| #define HAVE_STDLIB_H 1
| #define HAVE_MALLOC 1
| #define HAVE_STDLIB_H 1
| #define HAVE_REALLOC 1
| #define HAVE_DUP2 1
| #define HAVE_GETHOSTNAME 1
| #define HAVE_GETTIMEOFDAY 1
| #define HAVE_STRERROR 1
| #define HAVE_SOCKET 1
| #define HAVE_MEMCHR 1
| #define HAVE_MEMMOVE 1
| #define HAVE_MEMSET 1
| #define HAVE_STRCHR 1
| #define HAVE_STRNDUP 1
| #define HAVE_STRTOL 1
| #define HAVE_STRTOUL 1
| #define HAVE_STRTOULL 1
| #define HAVE_MLOCKALL 1
| /* end confdefs.h.  */
| /* Define getpagesizes to an innocuous variant, in case <limits.h> declares getpagesizes.
|    For example, HP-UX 11i <limits.h> declares gettimeofday.  */
| #define getpagesizes innocuous_getpagesizes
| 
| /* System header to define __stub macros and hopefully few prototypes,
|     which can conflict with char getpagesizes (); below.
|     Prefer <limits.h> to <assert.h> if __STDC__ is defined, since
|     <limits.h> exists even on freestanding compilers.  */
| 
| #ifdef __STDC__
| # include <limits.h>
| #else
| # include <assert.h>
| #endif
| 
| #undef getpagesizes
| 
| /* Override any GCC internal prototype to avoid an error.
|    Use char because int might match the return type of a GCC
|    builtin and then its argument prototype would still apply.  */
| #ifdef __cplusplus
| extern "C"
| #endif
| char getpagesizes ();
| /* The GNU C library defines this for functions which it implements
|     to always fail with ENOSYS.  Some functions are actually named
|     something starting with __ and the normal name is an alias.  */
| #if defined __stub_getpagesizes || defined __stub___getpagesizes
| choke me
| #endif
| 
| int
| main ()
| {
| return getpagesizes ();
|   ;
|   return 0;
| }
configure:5699: result: no
configure:5710: checking for memcntl
configure:5710: gcc -o conftest -g -O2   conftest.c  >&5
/tmp/cc4gGeEC.o: In function `main':
/home/dblab/memcached/twemcache/conftest.c:106: undefined reference to `memcntl'
collect2: ld returned 1 exit status
configure:5710: $? = 1
configure: failed program was:
| /* confdefs.h */
| #define PACKAGE_NAME "twemcache"
| #define PACKAGE_TARNAME "twemcache"
| #define PACKAGE_VERSION "2.5.3"
| #define PACKAGE_STRING "twemcache 2.5.3"
| #define PACKAGE_BUGREPORT "cache-team@twitter.com"
| #define PACKAGE_URL ""
| #define PACKAGE "twemcache"
| #define VERSION "2.5.3"
| #define MC_VERSION_MAJOR 2
| #define MC_VERSION_MINOR 5
| #define MC_VERSION_PATCH 3
| #define MC_VERSION_STRING "2.5.3"
| #define STDC_HEADERS 1
| #define HAVE_SYS_TYPES_H 1
| #define HAVE_SYS_STAT_H 1
| #define HAVE_STDLIB_H 1
| #define HAVE_STRING_H 1
| #define HAVE_MEMORY_H 1
| #define HAVE_STRINGS_H 1
| #define HAVE_INTTYPES_H 1
| #define HAVE_STDINT_H 1
| #define HAVE_UNISTD_H 1
| #define HAVE_LONG_LONG_INT 1
| #define HAVE_INTMAX_T 1
| #define HAVE_INTPTR_T 1
| #define HAVE_UNSIGNED_LONG_LONG_INT 1
| #define HAVE_UINTMAX_T 1
| #define HAVE_UINTPTR_T 1
| #define HAVE__BOOL 1
| #define HAVE_STDBOOL_H 1
| #define HAVE_FCNTL_H 1
| #define HAVE_FLOAT_H 1
| #define HAVE_LIMITS_H 1
| #define HAVE_STDDEF_H 1
| #define HAVE_STDLIB_H 1
| #define HAVE_STRING_H 1
| #define HAVE_UNISTD_H 1
| #define HAVE_INTTYPES_H 1
| #define HAVE_STDINT_H 1
| #define HAVE_SYS_IOCTL_H 1
| #define HAVE_SYS_TIME_H 1
| #define HAVE_SYS_UIO_H 1
| #define HAVE_SYS_SOCKET_H 1
| #define HAVE_SYS_UN_H 1
| #define HAVE_NETINET_IN_H 1
| #define HAVE_ARPA_INET_H 1
| #define HAVE_NETDB_H 1
| #define HAVE_FORK 1
| #define HAVE_VFORK 1
| #define HAVE_WORKING_VFORK 1
| #define HAVE_WORKING_FORK 1
| #define HAVE_STDLIB_H 1
| #define HAVE_MALLOC 1
| #define HAVE_STDLIB_H 1
| #define HAVE_REALLOC 1
| #define HAVE_DUP2 1
| #define HAVE_GETHOSTNAME 1
| #define HAVE_GETTIMEOFDAY 1
| #define HAVE_STRERROR 1
| #define HAVE_SOCKET 1
| #define HAVE_MEMCHR 1
| #define HAVE_MEMMOVE 1
| #define HAVE_MEMSET 1
| #define HAVE_STRCHR 1
| #define HAVE_STRNDUP 1
| #define HAVE_STRTOL 1
| #define HAVE_STRTOUL 1
| #define HAVE_STRTOULL 1
| #define HAVE_MLOCKALL 1
| /* end confdefs.h.  */
| /* Define memcntl to an innocuous variant, in case <limits.h> declares memcntl.
|    For example, HP-UX 11i <limits.h> declares gettimeofday.  */
| #define memcntl innocuous_memcntl
| 
| /* System header to define __stub macros and hopefully few prototypes,
|     which can conflict with char memcntl (); below.
|     Prefer <limits.h> to <assert.h> if __STDC__ is defined, since
|     <limits.h> exists even on freestanding compilers.  */
| 
| #ifdef __STDC__
| # include <limits.h>
| #else
| # include <assert.h>
| #endif
| 
| #undef memcntl
| 
| /* Override any GCC internal prototype to avoid an error.
|    Use char because int might match the return type of a GCC
|    builtin and then its argument prototype would still apply.  */
| #ifdef __cplusplus
| extern "C"
| #endif
| char memcntl ();
| /* The GNU C library defines this for functions which it implements
|     to always fail with ENOSYS.  Some functions are actually named
|     something starting with __ and the normal name is an alias.  */
| #if defined __stub_memcntl || defined __stub___memcntl
| choke me
| #endif
| 
| int
| main ()
| {
| return memcntl ();
|   ;
|   return 0;
| }
configure:5710: result: no
configure:5721: checking for backtrace
configure:5721: gcc -o conftest -g -O2   conftest.c  >&5
configure:5721: $? = 0
configure:5721: result: yes
configure:5732: checking for library containing pthread_create
configure:5763: gcc -o conftest -g -O2   conftest.c  >&5
/tmp/ccIHUMYJ.o: In function `main':
/home/dblab/memcached/twemcache/conftest.c:84: undefined reference to `pthread_create'
collect2: ld returned 1 exit status
configure:5763: $? = 1
configure: failed program was:
| /* confdefs.h */
| #define PACKAGE_NAME "twemcache"
| #define PACKAGE_TARNAME "twemcache"
| #define PACKAGE_VERSION "2.5.3"
| #define PACKAGE_STRING "twemcache 2.5.3"
| #define PACKAGE_BUGREPORT "cache-team@twitter.com"
| #define PACKAGE_URL ""
| #define PACKAGE "twemcache"
| #define VERSION "2.5.3"
| #define MC_VERSION_MAJOR 2
| #define MC_VERSION_MINOR 5
| #define MC_VERSION_PATCH 3
| #define MC_VERSION_STRING "2.5.3"
| #define STDC_HEADERS 1
| #define HAVE_SYS_TYPES_H 1
| #define HAVE_SYS_STAT_H 1
| #define HAVE_STDLIB_H 1
| #define HAVE_STRING_H 1
| #define HAVE_MEMORY_H 1
| #define HAVE_STRINGS_H 1
| #define HAVE_INTTYPES_H 1
| #define HAVE_STDINT_H 1
| #define HAVE_UNISTD_H 1
| #define HAVE_LONG_LONG_INT 1
| #define HAVE_INTMAX_T 1
| #define HAVE_INTPTR_T 1
| #define HAVE_UNSIGNED_LONG_LONG_INT 1
| #define HAVE_UINTMAX_T 1
| #define HAVE_UINTPTR_T 1
| #define HAVE__BOOL 1
| #define HAVE_STDBOOL_H 1
| #define HAVE_FCNTL_H 1
| #define HAVE_FLOAT_H 1
| #define HAVE_LIMITS_H 1
| #define HAVE_STDDEF_H 1
| #define HAVE_STDLIB_H 1
| #define HAVE_STRING_H 1
| #define HAVE_UNISTD_H 1
| #define HAVE_INTTYPES_H 1
| #define HAVE_STDINT_H 1
| #define HAVE_SYS_IOCTL_H 1
| #define HAVE_SYS_TIME_H 1
| #define HAVE_SYS_UIO_H 1
| #define HAVE_SYS_SOCKET_H 1
| #define HAVE_SYS_UN_H 1
| #define HAVE_NETINET_IN_H 1
| #define HAVE_ARPA_INET_H 1
| #define HAVE_NETDB_H 1
| #define HAVE_FORK 1
| #define HAVE_VFORK 1
| #define HAVE_WORKING_VFORK 1
| #define HAVE_WORKING_FORK 1
| #define HAVE_STDLIB_H 1
| #define HAVE_MALLOC 1
| #define HAVE_STDLIB_H 1
| #define HAVE_REALLOC 1
| #define HAVE_DUP2 1
| #define HAVE_GETHOSTNAME 1
| #define HAVE_GETTIMEOFDAY 1
| #define HAVE_STRERROR 1
| #define HAVE_SOCKET 1
| #define HAVE_MEMCHR 1
| #define HAVE_MEMMOVE 1
| #define HAVE_MEMSET 1
| #define HAVE_STRCHR 1
| #define HAVE_STRNDUP 1
| #define HAVE_STRTOL 1
| #define HAVE_STRTOUL 1
| #define HAVE_STRTOULL 1
| #define HAVE_MLOCKALL 1
| #define HAVE_BACKTRACE 1
| /* end confdefs.h.  */
| 
| /* Override any GCC internal prototype to avoid an error.
|    Use char because int might match the return type of a GCC
|    builtin and then its argument prototype would still apply.  */
| #ifdef __cplusplus
| extern "C"
| #endif
| char pthread_create ();
| int
| main ()
| {
| return pthread_create ();
|   ;
|   return 0;
| }
configure:5763: gcc -o conftest -g -O2   conftest.c -lpthread   >&5
configure:5763: $? = 0
configure:5780: result: -lpthread
configure:5792: checking whether byte ordering is bigendian
configure:5807: gcc -c -g -O2  conftest.c >&5
conftest.c:74:9: error: unknown type name 'not'
conftest.c:74:15: error: expected '=', ',', ';', 'asm' or '__attribute__' before 'universal'
conftest.c:74:15: error: unknown type name 'universal'
configure:5807: $? = 1
configure: failed program was:
| /* confdefs.h */
| #define PACKAGE_NAME "twemcache"
| #define PACKAGE_TARNAME "twemcache"
| #define PACKAGE_VERSION "2.5.3"
| #define PACKAGE_STRING "twemcache 2.5.3"
| #define PACKAGE_BUGREPORT "cache-team@twitter.com"
| #define PACKAGE_URL ""
| #define PACKAGE "twemcache"
| #define VERSION "2.5.3"
| #define MC_VERSION_MAJOR 2
| #define MC_VERSION_MINOR 5
| #define MC_VERSION_PATCH 3
| #define MC_VERSION_STRING "2.5.3"
| #define STDC_HEADERS 1
| #define HAVE_SYS_TYPES_H 1
| #define HAVE_SYS_STAT_H 1
| #define HAVE_STDLIB_H 1
| #define HAVE_STRING_H 1
| #define HAVE_MEMORY_H 1
| #define HAVE_STRINGS_H 1
| #define HAVE_INTTYPES_H 1
| #define HAVE_STDINT_H 1
| #define HAVE_UNISTD_H 1
| #define HAVE_LONG_LONG_INT 1
| #define HAVE_INTMAX_T 1
| #define HAVE_INTPTR_T 1
| #define HAVE_UNSIGNED_LONG_LONG_INT 1
| #define HAVE_UINTMAX_T 1
| #define HAVE_UINTPTR_T 1
| #define HAVE__BOOL 1
| #define HAVE_STDBOOL_H 1
| #define HAVE_FCNTL_H 1
| #define HAVE_FLOAT_H 1
| #define HAVE_LIMITS_H 1
| #define HAVE_STDDEF_H 1
| #define HAVE_STDLIB_H 1
| #define HAVE_STRING_H 1
| #define HAVE_UNISTD_H 1
| #define HAVE_INTTYPES_H 1
| #define HAVE_STDINT_H 1
| #define HAVE_SYS_IOCTL_H 1
| #define HAVE_SYS_TIME_H 1
| #define HAVE_SYS_UIO_H 1
| #define HAVE_SYS_SOCKET_H 1
| #define HAVE_SYS_UN_H 1
| #define HAVE_NETINET_IN_H 1
| #define HAVE_ARPA_INET_H 1
| #define HAVE_NETDB_H 1
| #define HAVE_FORK 1
| #define HAVE_VFORK 1
| #define HAVE_WORKING_VFORK 1
| #define HAVE_WORKING_FORK 1
| #define HAVE_STDLIB_H 1
| #define HAVE_MALLOC 1
| #define HAVE_STDLIB_H 1
| #define HAVE_REALLOC 1
| #define HAVE_DUP2 1
| #define HAVE_GETHOSTNAME 1
| #define HAVE_GETTIMEOFDAY 1
| #define HAVE_STRERROR 1
| #define HAVE_SOCKET 1
| #define HAVE_MEMCHR 1
| #define HAVE_MEMMOVE 1
| #define HAVE_MEMSET 1
| #define HAVE_STRCHR 1
| #define HAVE_STRNDUP 1
| #define HAVE_STRTOL 1
| #define HAVE_STRTOUL 1
| #define HAVE_STRTOULL 1
| #define HAVE_MLOCKALL 1
| #define HAVE_BACKTRACE 1
| /* end confdefs.h.  */
| #ifndef __APPLE_CC__
| 	       not a universal capable compiler
| 	     #endif
| 	     typedef int dummy;
| 
configure:5852: gcc -c -g -O2  conftest.c >&5
configure:5852: $? = 0
configure:5870: gcc -c -g -O2  conftest.c >&5
conftest.c: In function 'main':
conftest.c:80:4: error: unknown type name 'not'
conftest.c:80:12: error: expected '=', ',', ';', 'asm' or '__attribute__' before 'endian'
configure:5870: $? = 1
configure: failed program was:
| /* confdefs.h */
| #define PACKAGE_NAME "twemcache"
| #define PACKAGE_TARNAME "twemcache"
| #define PACKAGE_VERSION "2.5.3"
| #define PACKAGE_STRING "twemcache 2.5.3"
| #define PACKAGE_BUGREPORT "cache-team@twitter.com"
| #define PACKAGE_URL ""
| #define PACKAGE "twemcache"
| #define VERSION "2.5.3"
| #define MC_VERSION_MAJOR 2
| #define MC_VERSION_MINOR 5
| #define MC_VERSION_PATCH 3
| #define MC_VERSION_STRING "2.5.3"
| #define STDC_HEADERS 1
| #define HAVE_SYS_TYPES_H 1
| #define HAVE_SYS_STAT_H 1
| #define HAVE_STDLIB_H 1
| #define HAVE_STRING_H 1
| #define HAVE_MEMORY_H 1
| #define HAVE_STRINGS_H 1
| #define HAVE_INTTYPES_H 1
| #define HAVE_STDINT_H 1
| #define HAVE_UNISTD_H 1
| #define HAVE_LONG_LONG_INT 1
| #define HAVE_INTMAX_T 1
| #define HAVE_INTPTR_T 1
| #define HAVE_UNSIGNED_LONG_LONG_INT 1
| #define HAVE_UINTMAX_T 1
| #define HAVE_UINTPTR_T 1
| #define HAVE__BOOL 1
| #define HAVE_STDBOOL_H 1
| #define HAVE_FCNTL_H 1
| #define HAVE_FLOAT_H 1
| #define HAVE_LIMITS_H 1
| #define HAVE_STDDEF_H 1
| #define HAVE_STDLIB_H 1
| #define HAVE_STRING_H 1
| #define HAVE_UNISTD_H 1
| #define HAVE_INTTYPES_H 1
| #define HAVE_STDINT_H 1
| #define HAVE_SYS_IOCTL_H 1
| #define HAVE_SYS_TIME_H 1
| #define HAVE_SYS_UIO_H 1
| #define HAVE_SYS_SOCKET_H 1
| #define HAVE_SYS_UN_H 1
| #define HAVE_NETINET_IN_H 1
| #define HAVE_ARPA_INET_H 1
| #define HAVE_NETDB_H 1
| #define HAVE_FORK 1
| #define HAVE_VFORK 1
| #define HAVE_WORKING_VFORK 1
| #define HAVE_WORKING_FORK 1
| #define HAVE_STDLIB_H 1
| #define HAVE_MALLOC 1
| #define HAVE_STDLIB_H 1
| #define HAVE_REALLOC 1
| #define HAVE_DUP2 1
| #define HAVE_GETHOSTNAME 1
| #define HAVE_GETTIMEOFDAY 1
| #define HAVE_STRERROR 1
| #define HAVE_SOCKET 1
| #define HAVE_MEMCHR 1
| #define HAVE_MEMMOVE 1
| #define HAVE_MEMSET 1
| #define HAVE_STRCHR 1
| #define HAVE_STRNDUP 1
| #define HAVE_STRTOL 1
| #define HAVE_STRTOUL 1
| #define HAVE_STRTOULL 1
| #define HAVE_MLOCKALL 1
| #define HAVE_BACKTRACE 1
| /* end confdefs.h.  */
| #include <sys/types.h>
| 		#include <sys/param.h>
| 
| int
| main ()
| {
| #if BYTE_ORDER != BIG_ENDIAN
| 		 not big endian
| 		#endif
| 
|   ;
|   return 0;
| }
configure:5998: result: no
configure:6019: checking whether to enable debug logs and asserts
configure:6060: result: no
configure:6064: checking whether to disable stats
configure:6080: result: no
configure:6086: checking whether to disable command logger (klog)
configure:6102: result: no
configure:6116: checking for libevent directory
configure:6171: gcc -o conftest -g -O2   conftest.c -levent -lpthread  >&5
configure:6171: $? = 0
configure:6203: result: (system)
configure:6229: checking whether to enable static linking
configure:6254: result: no
configure:6392: creating ./config.status

## ---------------------- ##
## Running config.status. ##
## ---------------------- ##

This file was extended by twemcache config.status 2.5.3, which was
generated by GNU Autoconf 2.68.  Invocation command line was

  CONFIG_FILES    = 
  CONFIG_HEADERS  = 
  CONFIG_LINKS    = 
  CONFIG_COMMANDS = 
  $ ./config.status 

on sanjose

config.status:930: creating Makefile
config.status:930: creating src/Makefile
config.status:930: creating config.h
config.status:1111: config.h is unchanged
config.status:1159: executing depfiles commands

## ---------------- ##
## Cache variables. ##
## ---------------- ##

ac_cv_build=x86_64-unknown-linux-gnu
ac_cv_c_bigendian=no
ac_cv_c_compiler_gnu=yes
ac_cv_c_const=yes
ac_cv_c_inline=inline
ac_cv_c_int16_t=yes
ac_cv_c_int32_t=yes
ac_cv_c_int64_t=yes
ac_cv_c_int8_t=yes
ac_cv_c_uint16_t=yes
ac_cv_c_uint32_t=yes
ac_cv_c_uint64_t=yes
ac_cv_c_uint8_t=yes
ac_cv_env_CC_set=
ac_cv_env_CC_value=
ac_cv_env_CFLAGS_set=
ac_cv_env_CFLAGS_value=
ac_cv_env_CPPFLAGS_set=
ac_cv_env_CPPFLAGS_value=
ac_cv_env_CPP_set=
ac_cv_env_CPP_value=
ac_cv_env_LDFLAGS_set=
ac_cv_env_LDFLAGS_value=
ac_cv_env_LIBS_set=
ac_cv_env_LIBS_value=
ac_cv_env_build_alias_set=
ac_cv_env_build_alias_value=
ac_cv_env_host_alias_set=
ac_cv_env_host_alias_value=
ac_cv_env_target_alias_set=
ac_cv_env_target_alias_value=
ac_cv_func_backtrace=yes
ac_cv_func_dup2=yes
ac_cv_func_fork=yes
ac_cv_func_fork_works=yes
ac_cv_func_gethostname=yes
ac_cv_func_getpagesizes=no
ac_cv_func_gettimeofday=yes
ac_cv_func_malloc_0_nonnull=yes
ac_cv_func_memchr=yes
ac_cv_func_memcntl=no
ac_cv_func_memmove=yes
ac_cv_func_memset=yes
ac_cv_func_mlockall=yes
ac_cv_func_realloc_0_nonnull=yes
ac_cv_func_socket=yes
ac_cv_func_strchr=yes
ac_cv_func_strerror=yes
ac_cv_func_strndup=yes
ac_cv_func_strtol=yes
ac_cv_func_strtoul=yes
ac_cv_func_strtoull=yes
ac_cv_func_vfork=yes
ac_cv_func_vfork_works=yes
ac_cv_header_arpa_inet_h=yes
ac_cv_header_fcntl_h=yes
ac_cv_header_float_h=yes
ac_cv_header_inttypes_h=yes
ac_cv_header_limits_h=yes
ac_cv_header_memory_h=yes
ac_cv_header_netdb_h=yes
ac_cv_header_netinet_in_h=yes
ac_cv_header_stdbool_h=yes
ac_cv_header_stdc=yes
ac_cv_header_stddef_h=yes
ac_cv_header_stdint_h=yes
ac_cv_header_stdlib_h=yes
ac_cv_header_string_h=yes
ac_cv_header_strings_h=yes
ac_cv_header_sys_ioctl_h=yes
ac_cv_header_sys_socket_h=yes
ac_cv_header_sys_stat_h=yes
ac_cv_header_sys_time_h=yes
ac_cv_header_sys_types_h=yes
ac_cv_header_sys_uio_h=yes
ac_cv_header_sys_un_h=yes
ac_cv_header_unistd_h=yes
ac_cv_header_vfork_h=no
ac_cv_host=x86_64-unknown-linux-gnu
ac_cv_libevent_dir='(system)'
ac_cv_objext=o
ac_cv_path_EGREP='/bin/grep -E'
ac_cv_path_GREP=/bin/grep
ac_cv_path_install='/usr/bin/install -c'
ac_cv_path_mkdir=/bin/mkdir
ac_cv_prog_AWK=mawk
ac_cv_prog_CPP='gcc -E'
ac_cv_prog_ac_ct_CC=gcc
ac_cv_prog_cc_c89=
ac_cv_prog_cc_g=yes
ac_cv_prog_cc_gcc_c_o=yes
ac_cv_prog_make_make_set=yes
ac_cv_search_pthread_create=-lpthread
ac_cv_target=x86_64-unknown-linux-gnu
ac_cv_type__Bool=yes
ac_cv_type_intmax_t=yes
ac_cv_type_intptr_t=yes
ac_cv_type_long_long_int=yes
ac_cv_type_off_t=yes
ac_cv_type_pid_t=yes
ac_cv_type_size_t=yes
ac_cv_type_ssize_t=yes
ac_cv_type_uid_t=yes
ac_cv_type_uintmax_t=yes
ac_cv_type_uintptr_t=yes
ac_cv_type_unsigned_long_long_int=yes
am_cv_CC_dependencies_compiler_type=gcc3
am_cv_make_support_nested_variables=yes

## ----------------- ##
## Output variables. ##
## ----------------- ##

ACLOCAL='${SHELL} /home/dblab/memcached/twemcache/config/missing --run aclocal-1.11'
AMDEPBACKSLASH='\'
AMDEP_FALSE='#'
AMDEP_TRUE=''
AMTAR='$${TAR-tar}'
AM_BACKSLASH='\'
AM_DEFAULT_V='$(AM_DEFAULT_VERBOSITY)'
AM_DEFAULT_VERBOSITY='0'
AM_V='$(V)'
AUTOCONF='${SHELL} /home/dblab/memcached/twemcache/config/missing --run autoconf'
AUTOHEADER='${SHELL} /home/dblab/memcached/twemcache/config/missing --run autoheader'
AUTOMAKE='${SHELL} /home/dblab/memcached/twemcache/config/missing --run automake-1.11'
AWK='mawk'
CC='gcc'
CCDEPMODE='depmode=gcc3'
CFLAGS='-g -O2'
CPP='gcc -E'
CPPFLAGS=''
CYGPATH_W='echo'
DEFS='-DHAVE_CONFIG_H'
DEPDIR='.deps'
ECHO_C=''
ECHO_N='-n'
ECHO_T=''
EGREP='/bin/grep -E'
EXEEXT=''
GREP='/bin/grep'
INSTALL_DATA='${INSTALL} -m 644'
INSTALL_PROGRAM='${INSTALL}'
INSTALL_SCRIPT='${INSTALL}'
INSTALL_STRIP_PROGRAM='$(install_sh) -c -s'
LDFLAGS=''
LIBOBJS=''
LIBS='-levent -lpthread '
LTLIBOBJS=''
MAKEINFO='${SHELL} /home/dblab/memcached/twemcache/config/missing --run makeinfo'
MKDIR_P='/bin/mkdir -p'
OBJEXT='o'
PACKAGE='twemcache'
PACKAGE_BUGREPORT='cache-team@twitter.com'
PACKAGE_NAME='twemcache'
PACKAGE_STRING='twemcache 2.5.3'
PACKAGE_TARNAME='twemcache'
PACKAGE_URL=''
PACKAGE_VERSION='2.5.3'
PATH_SEPARATOR=':'
SET_MAKE=''
SHELL='/bin/bash'
STRIP=''
VERSION='2.5.3'
ac_ct_CC='gcc'
am__EXEEXT_FALSE=''
am__EXEEXT_TRUE='#'
am__fastdepCC_FALSE='#'
am__fastdepCC_TRUE=''
am__include='include'
am__isrc=''
am__leading_dot='.'
am__nodep='_no'
am__quote=''
am__tar='$${TAR-tar} chof - "$$tardir"'
am__untar='$${TAR-tar} xf -'
bindir='${exec_prefix}/bin'
build='x86_64-unknown-linux-gnu'
build_alias=''
build_cpu='x86_64'
build_os='linux-gnu'
build_vendor='unknown'
datadir='${datarootdir}'
datarootdir='${prefix}/share'
docdir='${datarootdir}/doc/${PACKAGE_TARNAME}'
dvidir='${docdir}'
exec_prefix='${prefix}'
host='x86_64-unknown-linux-gnu'
host_alias=''
host_cpu='x86_64'
host_os='linux-gnu'
host_vendor='unknown'
htmldir='${docdir}'
includedir='${prefix}/include'
infodir='${datarootdir}/info'
install_sh='${SHELL} /home/dblab/memcached/twemcache/config/install-sh'
libdir='${exec_prefix}/lib'
libexecdir='${exec_prefix}/libexec'
localedir='${datarootdir}/locale'
localstatedir='${prefix}/var'
mandir='${datarootdir}/man'
mkdir_p='/bin/mkdir -p'
oldincludedir='/usr/include'
pdfdir='${docdir}'
prefix='/usr/local'
program_transform_name='s,x,x,'
psdir='${docdir}'
sbindir='${exec_prefix}/sbin'
sharedstatedir='${prefix}/com'
sysconfdir='${prefix}/etc'
target='x86_64-unknown-linux-gnu'
target_alias=''
target_cpu='x86_64'
target_os='linux-gnu'
target_vendor='unknown'

## ----------- ##
## confdefs.h. ##
## ----------- ##

/* confdefs.h */
#define PACKAGE_NAME "twemcache"
#define PACKAGE_TARNAME "twemcache"
#define PACKAGE_VERSION "2.5.3"
#define PACKAGE_STRING "twemcache 2.5.3"
#define PACKAGE_BUGREPORT "cache-team@twitter.com"
#define PACKAGE_URL ""
#define PACKAGE "twemcache"
#define VERSION "2.5.3"
#define MC_VERSION_MAJOR 2
#define MC_VERSION_MINOR 5
#define MC_VERSION_PATCH 3
#define MC_VERSION_STRING "2.5.3"
#define STDC_HEADERS 1
#define HAVE_SYS_TYPES_H 1
#define HAVE_SYS_STAT_H 1
#define HAVE_STDLIB_H 1
#define HAVE_STRING_H 1
#define HAVE_MEMORY_H 1
#define HAVE_STRINGS_H 1
#define HAVE_INTTYPES_H 1
#define HAVE_STDINT_H 1
#define HAVE_UNISTD_H 1
#define HAVE_LONG_LONG_INT 1
#define HAVE_INTMAX_T 1
#define HAVE_INTPTR_T 1
#define HAVE_UNSIGNED_LONG_LONG_INT 1
#define HAVE_UINTMAX_T 1
#define HAVE_UINTPTR_T 1
#define HAVE__BOOL 1
#define HAVE_STDBOOL_H 1
#define HAVE_FCNTL_H 1
#define HAVE_FLOAT_H 1
#define HAVE_LIMITS_H 1
#define HAVE_STDDEF_H 1
#define HAVE_STDLIB_H 1
#define HAVE_STRING_H 1
#define HAVE_UNISTD_H 1
#define HAVE_INTTYPES_H 1
#define HAVE_STDINT_H 1
#define HAVE_SYS_IOCTL_H 1
#define HAVE_SYS_TIME_H 1
#define HAVE_SYS_UIO_H 1
#define HAVE_SYS_SOCKET_H 1
#define HAVE_SYS_UN_H 1
#define HAVE_NETINET_IN_H 1
#define HAVE_ARPA_INET_H 1
#define HAVE_NETDB_H 1
#define HAVE_FORK 1
#define HAVE_VFORK 1
#define HAVE_WORKING_VFORK 1
#define HAVE_WORKING_FORK 1
#define HAVE_STDLIB_H 1
#define HAVE_MALLOC 1
#define HAVE_STDLIB_H 1
#define HAVE_REALLOC 1
#define HAVE_DUP2 1
#define HAVE_GETHOSTNAME 1
#define HAVE_GETTIMEOFDAY 1
#define HAVE_STRERROR 1
#define HAVE_SOCKET 1
#define HAVE_MEMCHR 1
#define HAVE_MEMMOVE 1
#define HAVE_MEMSET 1
#define HAVE_STRCHR 1
#define HAVE_STRNDUP 1
#define HAVE_STRTOL 1
#define HAVE_STRTOUL 1
#define HAVE_STRTOULL 1
#define HAVE_MLOCKALL 1
#define HAVE_BACKTRACE 1
#define HAVE_LITTLE_ENDIAN 1

configure: exit 0
